<?xml version="1.0" encoding="UTF-8"?>
<testsuite xmlns:xsi="http://www.w3.org/2001/XMLSchema-instance" xsi:noNamespaceSchemaLocation="https://maven.apache.org/surefire/maven-surefire-plugin/xsd/surefire-test-report.xsd" version="3.0.2" name="TestSuite" time="13.227" tests="1" errors="0" skipped="0" failures="0">
  <properties>
    <property name="java.specification.version" value="17"/>
    <property name="sun.cpu.isalist" value="amd64"/>
    <property name="sun.jnu.encoding" value="Cp1252"/>
    <property name="sun.awt.enableExtraMouseButtons" value="true"/>
    <property name="java.class.path" value="C:\Users\anand\eclipse-workspace\TutorialNinja\target\test-classes;C:\Users\anand\eclipse-workspace\TutorialNinja\target\classes;C:\Users\anand\.m2\repository\org\seleniumhq\selenium\selenium-java\4.26.0\selenium-java-4.26.0.jar;C:\Users\anand\.m2\repository\org\seleniumhq\selenium\selenium-api\4.26.0\selenium-api-4.26.0.jar;C:\Users\anand\.m2\repository\org\jspecify\jspecify\1.0.0\jspecify-1.0.0.jar;C:\Users\anand\.m2\repository\org\seleniumhq\selenium\selenium-chrome-driver\4.26.0\selenium-chrome-driver-4.26.0.jar;C:\Users\anand\.m2\repository\com\google\auto\service\auto-service-annotations\1.1.1\auto-service-annotations-1.1.1.jar;C:\Users\anand\.m2\repository\org\seleniumhq\selenium\selenium-chromium-driver\4.26.0\selenium-chromium-driver-4.26.0.jar;C:\Users\anand\.m2\repository\org\seleniumhq\selenium\selenium-json\4.26.0\selenium-json-4.26.0.jar;C:\Users\anand\.m2\repository\org\seleniumhq\selenium\selenium-manager\4.26.0\selenium-manager-4.26.0.jar;C:\Users\anand\.m2\repository\org\seleniumhq\selenium\selenium-devtools-v128\4.26.0\selenium-devtools-v128-4.26.0.jar;C:\Users\anand\.m2\repository\org\seleniumhq\selenium\selenium-devtools-v129\4.26.0\selenium-devtools-v129-4.26.0.jar;C:\Users\anand\.m2\repository\org\seleniumhq\selenium\selenium-devtools-v130\4.26.0\selenium-devtools-v130-4.26.0.jar;C:\Users\anand\.m2\repository\org\seleniumhq\selenium\selenium-devtools-v85\4.26.0\selenium-devtools-v85-4.26.0.jar;C:\Users\anand\.m2\repository\org\seleniumhq\selenium\selenium-edge-driver\4.26.0\selenium-edge-driver-4.26.0.jar;C:\Users\anand\.m2\repository\org\seleniumhq\selenium\selenium-firefox-driver\4.26.0\selenium-firefox-driver-4.26.0.jar;C:\Users\anand\.m2\repository\org\seleniumhq\selenium\selenium-http\4.26.0\selenium-http-4.26.0.jar;C:\Users\anand\.m2\repository\dev\failsafe\failsafe\3.3.2\failsafe-3.3.2.jar;C:\Users\anand\.m2\repository\org\seleniumhq\selenium\selenium-ie-driver\4.26.0\selenium-ie-driver-4.26.0.jar;C:\Users\anand\.m2\repository\org\seleniumhq\selenium\selenium-remote-driver\4.26.0\selenium-remote-driver-4.26.0.jar;C:\Users\anand\.m2\repository\com\google\guava\guava\33.3.1-jre\guava-33.3.1-jre.jar;C:\Users\anand\.m2\repository\com\google\guava\failureaccess\1.0.2\failureaccess-1.0.2.jar;C:\Users\anand\.m2\repository\com\google\guava\listenablefuture\9999.0-empty-to-avoid-conflict-with-guava\listenablefuture-9999.0-empty-to-avoid-conflict-with-guava.jar;C:\Users\anand\.m2\repository\com\google\code\findbugs\jsr305\3.0.2\jsr305-3.0.2.jar;C:\Users\anand\.m2\repository\org\checkerframework\checker-qual\3.43.0\checker-qual-3.43.0.jar;C:\Users\anand\.m2\repository\com\google\errorprone\error_prone_annotations\2.28.0\error_prone_annotations-2.28.0.jar;C:\Users\anand\.m2\repository\com\google\j2objc\j2objc-annotations\3.0.0\j2objc-annotations-3.0.0.jar;C:\Users\anand\.m2\repository\io\opentelemetry\semconv\opentelemetry-semconv\1.25.0-alpha\opentelemetry-semconv-1.25.0-alpha.jar;C:\Users\anand\.m2\repository\io\opentelemetry\opentelemetry-api\1.43.0\opentelemetry-api-1.43.0.jar;C:\Users\anand\.m2\repository\io\opentelemetry\opentelemetry-context\1.43.0\opentelemetry-context-1.43.0.jar;C:\Users\anand\.m2\repository\io\opentelemetry\opentelemetry-exporter-logging\1.43.0\opentelemetry-exporter-logging-1.43.0.jar;C:\Users\anand\.m2\repository\io\opentelemetry\opentelemetry-sdk-common\1.43.0\opentelemetry-sdk-common-1.43.0.jar;C:\Users\anand\.m2\repository\io\opentelemetry\opentelemetry-sdk-extension-autoconfigure-spi\1.43.0\opentelemetry-sdk-extension-autoconfigure-spi-1.43.0.jar;C:\Users\anand\.m2\repository\io\opentelemetry\opentelemetry-sdk-extension-autoconfigure\1.43.0\opentelemetry-sdk-extension-autoconfigure-1.43.0.jar;C:\Users\anand\.m2\repository\io\opentelemetry\opentelemetry-api-incubator\1.43.0-alpha\opentelemetry-api-incubator-1.43.0-alpha.jar;C:\Users\anand\.m2\repository\io\opentelemetry\opentelemetry-sdk-trace\1.43.0\opentelemetry-sdk-trace-1.43.0.jar;C:\Users\anand\.m2\repository\io\opentelemetry\opentelemetry-sdk\1.43.0\opentelemetry-sdk-1.43.0.jar;C:\Users\anand\.m2\repository\io\opentelemetry\opentelemetry-sdk-metrics\1.43.0\opentelemetry-sdk-metrics-1.43.0.jar;C:\Users\anand\.m2\repository\io\opentelemetry\opentelemetry-sdk-logs\1.43.0\opentelemetry-sdk-logs-1.43.0.jar;C:\Users\anand\.m2\repository\net\bytebuddy\byte-buddy\1.15.7\byte-buddy-1.15.7.jar;C:\Users\anand\.m2\repository\org\seleniumhq\selenium\selenium-os\4.26.0\selenium-os-4.26.0.jar;C:\Users\anand\.m2\repository\org\apache\commons\commons-exec\1.4.0\commons-exec-1.4.0.jar;C:\Users\anand\.m2\repository\org\seleniumhq\selenium\selenium-safari-driver\4.26.0\selenium-safari-driver-4.26.0.jar;C:\Users\anand\.m2\repository\org\seleniumhq\selenium\selenium-support\4.26.0\selenium-support-4.26.0.jar;C:\Users\anand\.m2\repository\org\testng\testng\7.10.2\testng-7.10.2.jar;C:\Users\anand\.m2\repository\org\slf4j\slf4j-api\1.7.36\slf4j-api-1.7.36.jar;C:\Users\anand\.m2\repository\com\beust\jcommander\1.82\jcommander-1.82.jar;C:\Users\anand\.m2\repository\org\webjars\jquery\3.7.1\jquery-3.7.1.jar;C:\Users\anand\.m2\repository\commons-io\commons-io\2.17.0\commons-io-2.17.0.jar;C:\Users\anand\.m2\repository\org\apache\commons\commons-lang3\3.15.0\commons-lang3-3.15.0.jar;C:\Users\anand\.m2\repository\org\apache\logging\log4j\log4j-api\2.23.1\log4j-api-2.23.1.jar;C:\Users\anand\.m2\repository\org\apache\logging\log4j\log4j-core\2.23.1\log4j-core-2.23.1.jar;C:\Users\anand\.m2\repository\org\apache\logging\log4j\log4j-slf4j-impl\2.23.1\log4j-slf4j-impl-2.23.1.jar;C:\Users\anand\.m2\repository\org\freemarker\freemarker\2.3.34\freemarker-2.3.34.jar;C:\Users\anand\.m2\repository\io\reactivex\rxjava3\rxjava\3.0.4\rxjava-3.0.4.jar;C:\Users\anand\.m2\repository\org\reactivestreams\reactive-streams\1.0.3\reactive-streams-1.0.3.jar;C:\Users\anand\.m2\repository\com\aventstack\extentreports\5.1.2\extentreports-5.1.2.jar;C:\Users\anand\.m2\repository\org\projectlombok\lombok\1.18.26\lombok-1.18.26.jar;C:\Users\anand\.m2\repository\com\google\code\gson\gson\2.10.1\gson-2.10.1.jar;"/>
    <property name="java.vm.vendor" value="Oracle Corporation"/>
    <property name="sun.arch.data.model" value="64"/>
    <property name="user.variant" value=""/>
    <property name="java.vendor.url" value="https://java.oracle.com/"/>
    <property name="user.timezone" value="America/New_York"/>
    <property name="os.name" value="Windows 11"/>
    <property name="java.vm.specification.version" value="17"/>
    <property name="sun.java.launcher" value="SUN_STANDARD"/>
    <property name="user.country" value="US"/>
    <property name="sun.boot.library.path" value="C:\Program Files\Java\jdk-17\bin"/>
    <property name="sun.java.command" value="C:\Users\anand\AppData\Local\Temp\surefire8377812249997691295\surefirebooter-20250223152704330_3.jar C:\Users\anand\AppData\Local\Temp\surefire8377812249997691295 2025-02-23T15-27-04_161-jvmRun1 surefire-20250223152704330_1tmp surefire_0-20250223152704330_2tmp"/>
    <property name="jdk.debug" value="release"/>
    <property name="surefire.test.class.path" value="C:\Users\anand\eclipse-workspace\TutorialNinja\target\test-classes;C:\Users\anand\eclipse-workspace\TutorialNinja\target\classes;C:\Users\anand\.m2\repository\org\seleniumhq\selenium\selenium-java\4.26.0\selenium-java-4.26.0.jar;C:\Users\anand\.m2\repository\org\seleniumhq\selenium\selenium-api\4.26.0\selenium-api-4.26.0.jar;C:\Users\anand\.m2\repository\org\jspecify\jspecify\1.0.0\jspecify-1.0.0.jar;C:\Users\anand\.m2\repository\org\seleniumhq\selenium\selenium-chrome-driver\4.26.0\selenium-chrome-driver-4.26.0.jar;C:\Users\anand\.m2\repository\com\google\auto\service\auto-service-annotations\1.1.1\auto-service-annotations-1.1.1.jar;C:\Users\anand\.m2\repository\org\seleniumhq\selenium\selenium-chromium-driver\4.26.0\selenium-chromium-driver-4.26.0.jar;C:\Users\anand\.m2\repository\org\seleniumhq\selenium\selenium-json\4.26.0\selenium-json-4.26.0.jar;C:\Users\anand\.m2\repository\org\seleniumhq\selenium\selenium-manager\4.26.0\selenium-manager-4.26.0.jar;C:\Users\anand\.m2\repository\org\seleniumhq\selenium\selenium-devtools-v128\4.26.0\selenium-devtools-v128-4.26.0.jar;C:\Users\anand\.m2\repository\org\seleniumhq\selenium\selenium-devtools-v129\4.26.0\selenium-devtools-v129-4.26.0.jar;C:\Users\anand\.m2\repository\org\seleniumhq\selenium\selenium-devtools-v130\4.26.0\selenium-devtools-v130-4.26.0.jar;C:\Users\anand\.m2\repository\org\seleniumhq\selenium\selenium-devtools-v85\4.26.0\selenium-devtools-v85-4.26.0.jar;C:\Users\anand\.m2\repository\org\seleniumhq\selenium\selenium-edge-driver\4.26.0\selenium-edge-driver-4.26.0.jar;C:\Users\anand\.m2\repository\org\seleniumhq\selenium\selenium-firefox-driver\4.26.0\selenium-firefox-driver-4.26.0.jar;C:\Users\anand\.m2\repository\org\seleniumhq\selenium\selenium-http\4.26.0\selenium-http-4.26.0.jar;C:\Users\anand\.m2\repository\dev\failsafe\failsafe\3.3.2\failsafe-3.3.2.jar;C:\Users\anand\.m2\repository\org\seleniumhq\selenium\selenium-ie-driver\4.26.0\selenium-ie-driver-4.26.0.jar;C:\Users\anand\.m2\repository\org\seleniumhq\selenium\selenium-remote-driver\4.26.0\selenium-remote-driver-4.26.0.jar;C:\Users\anand\.m2\repository\com\google\guava\guava\33.3.1-jre\guava-33.3.1-jre.jar;C:\Users\anand\.m2\repository\com\google\guava\failureaccess\1.0.2\failureaccess-1.0.2.jar;C:\Users\anand\.m2\repository\com\google\guava\listenablefuture\9999.0-empty-to-avoid-conflict-with-guava\listenablefuture-9999.0-empty-to-avoid-conflict-with-guava.jar;C:\Users\anand\.m2\repository\com\google\code\findbugs\jsr305\3.0.2\jsr305-3.0.2.jar;C:\Users\anand\.m2\repository\org\checkerframework\checker-qual\3.43.0\checker-qual-3.43.0.jar;C:\Users\anand\.m2\repository\com\google\errorprone\error_prone_annotations\2.28.0\error_prone_annotations-2.28.0.jar;C:\Users\anand\.m2\repository\com\google\j2objc\j2objc-annotations\3.0.0\j2objc-annotations-3.0.0.jar;C:\Users\anand\.m2\repository\io\opentelemetry\semconv\opentelemetry-semconv\1.25.0-alpha\opentelemetry-semconv-1.25.0-alpha.jar;C:\Users\anand\.m2\repository\io\opentelemetry\opentelemetry-api\1.43.0\opentelemetry-api-1.43.0.jar;C:\Users\anand\.m2\repository\io\opentelemetry\opentelemetry-context\1.43.0\opentelemetry-context-1.43.0.jar;C:\Users\anand\.m2\repository\io\opentelemetry\opentelemetry-exporter-logging\1.43.0\opentelemetry-exporter-logging-1.43.0.jar;C:\Users\anand\.m2\repository\io\opentelemetry\opentelemetry-sdk-common\1.43.0\opentelemetry-sdk-common-1.43.0.jar;C:\Users\anand\.m2\repository\io\opentelemetry\opentelemetry-sdk-extension-autoconfigure-spi\1.43.0\opentelemetry-sdk-extension-autoconfigure-spi-1.43.0.jar;C:\Users\anand\.m2\repository\io\opentelemetry\opentelemetry-sdk-extension-autoconfigure\1.43.0\opentelemetry-sdk-extension-autoconfigure-1.43.0.jar;C:\Users\anand\.m2\repository\io\opentelemetry\opentelemetry-api-incubator\1.43.0-alpha\opentelemetry-api-incubator-1.43.0-alpha.jar;C:\Users\anand\.m2\repository\io\opentelemetry\opentelemetry-sdk-trace\1.43.0\opentelemetry-sdk-trace-1.43.0.jar;C:\Users\anand\.m2\repository\io\opentelemetry\opentelemetry-sdk\1.43.0\opentelemetry-sdk-1.43.0.jar;C:\Users\anand\.m2\repository\io\opentelemetry\opentelemetry-sdk-metrics\1.43.0\opentelemetry-sdk-metrics-1.43.0.jar;C:\Users\anand\.m2\repository\io\opentelemetry\opentelemetry-sdk-logs\1.43.0\opentelemetry-sdk-logs-1.43.0.jar;C:\Users\anand\.m2\repository\net\bytebuddy\byte-buddy\1.15.7\byte-buddy-1.15.7.jar;C:\Users\anand\.m2\repository\org\seleniumhq\selenium\selenium-os\4.26.0\selenium-os-4.26.0.jar;C:\Users\anand\.m2\repository\org\apache\commons\commons-exec\1.4.0\commons-exec-1.4.0.jar;C:\Users\anand\.m2\repository\org\seleniumhq\selenium\selenium-safari-driver\4.26.0\selenium-safari-driver-4.26.0.jar;C:\Users\anand\.m2\repository\org\seleniumhq\selenium\selenium-support\4.26.0\selenium-support-4.26.0.jar;C:\Users\anand\.m2\repository\org\testng\testng\7.10.2\testng-7.10.2.jar;C:\Users\anand\.m2\repository\org\slf4j\slf4j-api\1.7.36\slf4j-api-1.7.36.jar;C:\Users\anand\.m2\repository\com\beust\jcommander\1.82\jcommander-1.82.jar;C:\Users\anand\.m2\repository\org\webjars\jquery\3.7.1\jquery-3.7.1.jar;C:\Users\anand\.m2\repository\commons-io\commons-io\2.17.0\commons-io-2.17.0.jar;C:\Users\anand\.m2\repository\org\apache\commons\commons-lang3\3.15.0\commons-lang3-3.15.0.jar;C:\Users\anand\.m2\repository\org\apache\logging\log4j\log4j-api\2.23.1\log4j-api-2.23.1.jar;C:\Users\anand\.m2\repository\org\apache\logging\log4j\log4j-core\2.23.1\log4j-core-2.23.1.jar;C:\Users\anand\.m2\repository\org\apache\logging\log4j\log4j-slf4j-impl\2.23.1\log4j-slf4j-impl-2.23.1.jar;C:\Users\anand\.m2\repository\org\freemarker\freemarker\2.3.34\freemarker-2.3.34.jar;C:\Users\anand\.m2\repository\io\reactivex\rxjava3\rxjava\3.0.4\rxjava-3.0.4.jar;C:\Users\anand\.m2\repository\org\reactivestreams\reactive-streams\1.0.3\reactive-streams-1.0.3.jar;C:\Users\anand\.m2\repository\com\aventstack\extentreports\5.1.2\extentreports-5.1.2.jar;C:\Users\anand\.m2\repository\org\projectlombok\lombok\1.18.26\lombok-1.18.26.jar;C:\Users\anand\.m2\repository\com\google\code\gson\gson\2.10.1\gson-2.10.1.jar;"/>
    <property name="sun.cpu.endian" value="little"/>
    <property name="user.home" value="C:\Users\anand"/>
    <property name="user.language" value="en"/>
    <property name="java.specification.vendor" value="Oracle Corporation"/>
    <property name="java.version.date" value="2024-07-16"/>
    <property name="java.home" value="C:\Program Files\Java\jdk-17"/>
    <property name="file.separator" value="\"/>
    <property name="basedir" value="C:\Users\anand\eclipse-workspace\TutorialNinja"/>
    <property name="java.vm.compressedOopsMode" value="32-bit"/>
    <property name="line.separator" value="&#10;"/>
    <property name="java.vm.specification.vendor" value="Oracle Corporation"/>
    <property name="java.specification.name" value="Java Platform API Specification"/>
    <property name="surefire.real.class.path" value="C:\Users\anand\AppData\Local\Temp\surefire8377812249997691295\surefirebooter-20250223152704330_3.jar"/>
    <property name="user.script" value=""/>
    <property name="sun.management.compiler" value="HotSpot 64-Bit Tiered Compilers"/>
    <property name="java.runtime.version" value="17.0.12+8-LTS-286"/>
    <property name="user.name" value="anand"/>
    <property name="path.separator" value=";"/>
    <property name="os.version" value="10.0"/>
    <property name="java.runtime.name" value="Java(TM) SE Runtime Environment"/>
    <property name="file.encoding" value="Cp1252"/>
    <property name="browser" value="chrome"/>
    <property name="java.vm.name" value="Java HotSpot(TM) 64-Bit Server VM"/>
    <property name="localRepository" value="C:\Users\anand\.m2\repository"/>
    <property name="java.vendor.url.bug" value="https://bugreport.java.com/bugreport/"/>
    <property name="java.io.tmpdir" value="C:\Users\anand\AppData\Local\Temp\"/>
    <property name="java.version" value="17.0.12"/>
    <property name="user.dir" value="C:\Users\anand\eclipse-workspace\TutorialNinja"/>
    <property name="os.arch" value="amd64"/>
    <property name="java.vm.specification.name" value="Java Virtual Machine Specification"/>
    <property name="sun.os.patch.level" value=""/>
    <property name="native.encoding" value="Cp1252"/>
    <property name="java.library.path" value="C:\Program Files\Java\jdk-17\bin;C:\WINDOWS\Sun\Java\bin;C:\WINDOWS\system32;C:\WINDOWS;C:\Program Files\Common Files\Oracle\Java\javapath;C:\WINDOWS\system32;C:\WINDOWS;C:\WINDOWS\System32\Wbem;C:\WINDOWS\System32\WindowsPowerShell\v1.0\;C:\WINDOWS\System32\OpenSSH\;C:\Program Files\nodejs\;C:\Users\anand\AppData\Local\Android\Sdk\platform-tools;%MAVEN_HOME%\bin;C:\Program Files\Mullvad VPN\resources;C:\Program Files\Java\jdk-17\bin;C:\Program Files\apache-maven-3.9.9\bin;C:\Program Files\Java\jdk-17.0.1\bin;C:\Users\anand\AppData\Local\Microsoft\WindowsApps;C:\Users\anand\AppData\Roaming\npm;%MAVEN_HOME%\bin;;."/>
    <property name="java.vm.info" value="mixed mode, sharing"/>
    <property name="java.vendor" value="Oracle Corporation"/>
    <property name="java.vm.version" value="17.0.12+8-LTS-286"/>
    <property name="sun.io.unicode.encoding" value="UnicodeLittle"/>
    <property name="java.class.version" value="61.0"/>
  </properties>
  <testcase name="verifyLogin" classname="tutorialNinja.testCases.LoginTest" time="3.037">
    <system-out><![CDATA[Account Login success
]]></system-out>
    <system-err><![CDATA[Feb 23, 2025 3:27:10 PM org.openqa.selenium.devtools.CdpVersionFinder findNearestMatch
WARNING: Unable to find an exact match for CDP version 132, returning the closest version; found: 130; Please update to a Selenium version that supports CDP version 132
]]></system-err>
  </testcase>
</testsuite>