<?xml version="1.0" encoding="UTF-8"?>
<!-- Generated by org.testng.reporters.JUnitReportReporter -->
<testsuite hostname="LAPTOP-M64GIGMC" failures="0" tests="1" name="tutorialNinja.testCases.LoginTest" time="9.057" errors="0" timestamp="2025-02-20T14:28:58 EST" skipped="0">
  <testcase classname="tutorialNinja.testCases.LoginTest" name="verifyLogin" time="9.057"/>
  <system-out/>
</testsuite> <!-- tutorialNinja.testCases.LoginTest -->
