<?xml version="1.0" encoding="UTF-8"?>
<!-- Generated by org.testng.reporters.JUnitReportReporter -->
<testsuite hostname="LAPTOP-M64GIGMC" failures="0" tests="1" name="tutorialNinja.testCases.RegistrationTest" time="7.449" errors="0" timestamp="2025-01-24T11:00:20 EST" skipped="0">
  <testcase classname="tutorialNinja.testCases.RegistrationTest" name="verifyRegistration" time="7.449"/>
  <system-out/>
</testsuite> <!-- tutorialNinja.testCases.RegistrationTest -->
