<?xml version="1.0" encoding="UTF-8"?>
<!-- Generated by org.testng.reporters.JUnitReportReporter -->
<testsuite hostname="LAPTOP-M64GIGMC" failures="0" tests="1" name="tutorialNinja.testCases.LoginTest" time="10.451" errors="0" timestamp="2025-02-23T15:27:17 EST" skipped="0">
  <testcase classname="tutorialNinja.testCases.LoginTest" name="verifyLogin" time="10.451"/>
</testsuite> <!-- tutorialNinja.testCases.LoginTest -->
