<?xml version="1.0" encoding="UTF-8"?>
<!-- Generated by org.testng.reporters.JUnitReportReporter -->
<testsuite hostname="LAPTOP-M64GIGMC" failures="0" tests="1" name="tutorialNinja.testCases.RegistrationTest" time="9.622" errors="0" timestamp="2025-02-09T21:31:35 EST" skipped="0">
  <testcase classname="tutorialNinja.testCases.RegistrationTest" name="verifyRegistration" time="9.622"/>
</testsuite> <!-- tutorialNinja.testCases.RegistrationTest -->
